<?xml version="1.0" encoding="UTF-8"?>
<!-- Generated by org.testng.reporters.JUnitXMLReporter -->
<testsuite ignored="0" hostname="DESKTOP-2844KO1" failures="0" tests="4" name="Test New User Registration" time="28.707" errors="0" timestamp="07 Feb 2018 16:26:41 GMT">
  <testcase classname="TestCases.TestRegisterUser" name="Register" time="2.617"/>
  <testcase classname="TestCases.TestRegisterUser" name="NewUserInformation" time="6.089"/>
  <testcase classname="TestCases.TestRegisterUser" name="NewEmailInformation" time="4.425"/>
  <testcase classname="TestCases.TestRegisterUser" name="NewPasswordInformation" time="9.17"/>
</testsuite> <!-- Test New User Registration -->
