<?xml version="1.0" encoding="UTF-8"?>
<!-- Generated by org.testng.reporters.JUnitXMLReporter -->
<testsuite ignored="0" hostname="DESKTOP-2844KO1" failures="0" tests="8" name="Test Account Information" time="26.207" errors="0" timestamp="07 Feb 2018 16:27:07 GMT">
  <testcase classname="TestCases.TestAccountInformation" name="Login" time="3.675"/>
  <testcase classname="TestCases.TestAccountInformation" name="AccountInformation" time="1.077"/>
  <testcase classname="TestCases.TestAccountInformation" name="ChangeAccountInformation" time="2.176"/>
  <testcase classname="TestCases.TestAccountInformation" name="ChangeAccountFirstName" time="2.883"/>
  <testcase classname="TestCases.TestAccountInformation" name="ChangeAccountLastName" time="2.967"/>
  <testcase classname="TestCases.TestAccountInformation" name="ChangeAccountEmail" time="4.98"/>
  <testcase classname="TestCases.TestAccountInformation" name="ChangeAccountLanguage" time="0.052"/>
  <testcase classname="TestCases.TestAccountInformation" name="Logout" time="2.367"/>
</testsuite> <!-- Test Account Information -->
