<?xml version="1.0" encoding="UTF-8"?>
<!-- Generated by org.testng.reporters.JUnitXMLReporter -->
<testsuite ignored="0" hostname="DESKTOP-2844KO1" failures="0" tests="4" name="Test Password Change" time="26.392" errors="0" timestamp="07 Feb 2018 16:26:12 GMT">
  <testcase classname="TestCases.TestPassword" name="Login" time="3.746"/>
  <testcase classname="TestCases.TestPassword" name="PasswordInformation" time="0.968"/>
  <testcase classname="TestCases.TestPassword" name="PasswordChange" time="13.271"/>
  <testcase classname="TestCases.TestPassword" name="Logout" time="2.405"/>
</testsuite> <!-- Test Password Change -->
