<?xml version="1.0" encoding="UTF-8"?>
<!-- Generated by org.testng.reporters.JUnitXMLReporter -->
<testsuite ignored="0" hostname="DESKTOP-2844KO1" failures="0" tests="4" name="Test Edit" time="23.134" errors="0" timestamp="07 Feb 2018 16:28:46 GMT">
  <testcase classname="TestCases.TestEdit" name="Login" time="3.646"/>
  <testcase classname="TestCases.TestEdit" name="EditBranch" time="5.604"/>
  <testcase classname="TestCases.TestEdit" name="EditStaff" time="5.597"/>
  <testcase classname="TestCases.TestEdit" name="Logout" time="2.364"/>
</testsuite> <!-- Test Edit -->
