<?xml version="1.0" encoding="UTF-8"?>
<!-- Generated by org.testng.reporters.JUnitXMLReporter -->
<testsuite ignored="0" hostname="DESKTOP-2844KO1" failures="0" tests="4" name="Test Query for Branch and Staff" time="51.218" errors="0" timestamp="07 Feb 2018 16:30:04 GMT">
  <testcase classname="TestCases.TestQuery" name="PrepareData" time="31.506"/>
  <testcase classname="TestCases.TestQuery" name="QueryBranch" time="6.935"/>
  <testcase classname="TestCases.TestQuery" name="QueryStaff" time="6.505"/>
  <testcase classname="TestCases.TestQuery" name="Logout" time="2.335"/>
</testsuite> <!-- Test Query for Branch and Staff -->
