<?xml version="1.0" encoding="UTF-8"?>
<!-- Generated by org.testng.reporters.JUnitXMLReporter -->
<testsuite ignored="0" hostname="DESKTOP-2844KO1" failures="0" tests="4" name="Test View" time="19.33" errors="0" timestamp="07 Feb 2018 16:28:22 GMT">
  <testcase classname="TestCases.TestView" name="Login" time="3.655"/>
  <testcase classname="TestCases.TestView" name="ViewBranch" time="3.718"/>
  <testcase classname="TestCases.TestView" name="ViewStaff" time="3.688"/>
  <testcase classname="TestCases.TestView" name="Logout" time="2.414"/>
</testsuite> <!-- Test View -->
