<?xml version="1.0" encoding="UTF-8"?>
<!-- Generated by org.testng.reporters.JUnitXMLReporter -->
<testsuite ignored="0" hostname="DESKTOP-2844KO1" failures="0" tests="4" name="Test Data format needed to create Branch and Staff" time="32.581" errors="0" timestamp="07 Feb 2018 16:27:39 GMT">
  <testcase classname="TestCases.TestBranchStaffCreationInfo" name="Login" time="3.747"/>
  <testcase classname="TestCases.TestBranchStaffCreationInfo" name="BranchCreationInfo" time="11.481"/>
  <testcase classname="TestCases.TestBranchStaffCreationInfo" name="StaffCreationInfo" time="9.032"/>
  <testcase classname="TestCases.TestBranchStaffCreationInfo" name="Logout" time="2.363"/>
</testsuite> <!-- Test Data format needed to create Branch and Staff -->
