<?xml version="1.0" encoding="UTF-8"?>
<!-- Generated by org.testng.reporters.JUnitXMLReporter -->
<testsuite ignored="0" hostname="DESKTOP-2844KO1" failures="0" tests="4" name="Test Create" time="23.577" errors="0" timestamp="07 Feb 2018 16:28:03 GMT">
  <testcase classname="TestCases.TestCreate" name="Login" time="3.726"/>
  <testcase classname="TestCases.TestCreate" name="Branch" time="5.102"/>
  <testcase classname="TestCases.TestCreate" name="Staff" time="6.544"/>
  <testcase classname="TestCases.TestCreate" name="Logout" time="2.368"/>
</testsuite> <!-- Test Create -->
